<?xml version="1.0" encoding="UTF-8"?>
<testsuite xmlns:xsi="http://www.w3.org/2001/XMLSchema-instance" xsi:noNamespaceSchemaLocation="https://maven.apache.org/surefire/maven-surefire-plugin/xsd/surefire-test-report-3.0.xsd" version="3.0" name="sk.umb.fpv.fja.zadanie_1.ApplicationTests" time="0.08" tests="2" errors="0" skipped="0" failures="0">
  <properties>
    <property name="java.specification.version" value="22"/>
    <property name="sun.cpu.isalist" value="amd64"/>
    <property name="sun.jnu.encoding" value="Cp1250"/>
    <property name="java.class.path" value="C:\Users\nendo\Univerzita\.github-repozitare\formalne-jazyky-a-automaty\content\zadanie-1\aplikacia\target\test-classes;C:\Users\nendo\Univerzita\.github-repozitare\formalne-jazyky-a-automaty\content\zadanie-1\aplikacia\target\classes;C:\Users\nendo\.m2\repository\junit\junit\4.12\junit-4.12.jar;C:\Users\nendo\.m2\repository\org\hamcrest\hamcrest-core\1.3\hamcrest-core-1.3.jar;"/>
    <property name="java.vm.vendor" value="Oracle Corporation"/>
    <property name="sun.arch.data.model" value="64"/>
    <property name="user.variant" value=""/>
    <property name="java.vendor.url" value="https://java.oracle.com/"/>
    <property name="user.timezone" value="Europe/Bratislava"/>
    <property name="user.country.format" value="SK"/>
    <property name="os.name" value="Windows 10"/>
    <property name="java.vm.specification.version" value="22"/>
    <property name="sun.java.launcher" value="SUN_STANDARD"/>
    <property name="user.country" value="CZ"/>
    <property name="sun.boot.library.path" value="C:\Program Files\Java\jdk-22\bin"/>
    <property name="sun.java.command" value="C:\Users\nendo\AppData\Local\Temp\surefire4957471657732575633\surefirebooter-20241113235953842_3.jar C:\Users\nendo\AppData\Local\Temp\surefire4957471657732575633 2024-11-13T23-59-53_588-jvmRun1 surefire-20241113235953842_1tmp surefire_0-20241113235953842_2tmp"/>
    <property name="jdk.debug" value="release"/>
    <property name="surefire.test.class.path" value="C:\Users\nendo\Univerzita\.github-repozitare\formalne-jazyky-a-automaty\content\zadanie-1\aplikacia\target\test-classes;C:\Users\nendo\Univerzita\.github-repozitare\formalne-jazyky-a-automaty\content\zadanie-1\aplikacia\target\classes;C:\Users\nendo\.m2\repository\junit\junit\4.12\junit-4.12.jar;C:\Users\nendo\.m2\repository\org\hamcrest\hamcrest-core\1.3\hamcrest-core-1.3.jar;"/>
    <property name="sun.cpu.endian" value="little"/>
    <property name="user.home" value="C:\Users\nendo"/>
    <property name="user.language" value="cs"/>
    <property name="java.specification.vendor" value="Oracle Corporation"/>
    <property name="java.version.date" value="2024-03-19"/>
    <property name="java.home" value="C:\Program Files\Java\jdk-22"/>
    <property name="file.separator" value="\"/>
    <property name="basedir" value="C:\Users\nendo\Univerzita\.github-repozitare\formalne-jazyky-a-automaty\content\zadanie-1\aplikacia"/>
    <property name="java.vm.compressedOopsMode" value="Zero based"/>
    <property name="line.separator" value="&#10;"/>
    <property name="java.vm.specification.vendor" value="Oracle Corporation"/>
    <property name="java.specification.name" value="Java Platform API Specification"/>
    <property name="surefire.real.class.path" value="C:\Users\nendo\AppData\Local\Temp\surefire4957471657732575633\surefirebooter-20241113235953842_3.jar"/>
    <property name="user.script" value=""/>
    <property name="sun.management.compiler" value="HotSpot 64-Bit Tiered Compilers"/>
    <property name="java.runtime.version" value="22+36-2370"/>
    <property name="user.name" value="nendo"/>
    <property name="stdout.encoding" value="Cp1250"/>
    <property name="path.separator" value=";"/>
    <property name="os.version" value="10.0"/>
    <property name="java.runtime.name" value="Java(TM) SE Runtime Environment"/>
    <property name="file.encoding" value="UTF-8"/>
    <property name="java.vm.name" value="Java HotSpot(TM) 64-Bit Server VM"/>
    <property name="localRepository" value="C:\Users\nendo\.m2\repository"/>
    <property name="java.vendor.url.bug" value="https://bugreport.java.com/bugreport/"/>
    <property name="java.io.tmpdir" value="C:\Users\nendo\AppData\Local\Temp\"/>
    <property name="java.version" value="22"/>
    <property name="user.dir" value="C:\Users\nendo\Univerzita\.github-repozitare\formalne-jazyky-a-automaty\content\zadanie-1\aplikacia"/>
    <property name="os.arch" value="amd64"/>
    <property name="java.vm.specification.name" value="Java Virtual Machine Specification"/>
    <property name="user.language.format" value="sk"/>
    <property name="sun.os.patch.level" value=""/>
    <property name="native.encoding" value="Cp1250"/>
    <property name="java.library.path" value="C:\Program Files\Java\jdk-22\bin;C:\Windows\Sun\Java\bin;C:\Windows\system32;C:\Windows;C:\Program Files\Common Files\Oracle\Java\javapath;C:\Program Files (x86)\Common Files\Oracle\Java\javapath;C:\Windows\system32;C:\Windows;C:\Windows\System32\Wbem;C:\Windows\System32\WindowsPowerShell\v1.0\;C:\Windows\System32\OpenSSH\;C:\Program Files (x86)\NVIDIA Corporation\PhysX\Common;C:\Program Files\NVIDIA Corporation\NVIDIA NvDLISR;C:\Program Files\Git\cmd;C:\Program Files\dotnet\;C:\Program Files\Microsoft SQL Server\130\Tools\Binn\;C:\FPC\3.2.2\bin\i386-Win32;C:\Program Files\PuTTY\;C:\Program Files\Microsoft VS Code\bin;C:\Perl\c\bin;C:\Perl\perl\site\bin;C:\Perl\perl\bin;C:\Program Files\Docker\Docker\resources\bin;C:\Program Files\nodejs\;C:\Users\nendo\AppData\Local\Programs\MiKTeX\miktex\bin\x64\;C:\texlive\2024\bin\windows;C:\Users\nendo\.cargo\bin;C:\Users\nendo\AppData\Local\Programs\Python\Python39\Scripts\;C:\Users\nendo\AppData\Local\Programs\Python\Python39\;C:\Users\nendo\AppData\Local\Microsoft\WindowsApps;C:\Users\nendo\AppData\Local\GitHubDesktop\bin;C:\Users\nendo\AppData\Local\Programs\Microsoft VS Code\bin;C:\Users\nendo\OneDrive\Dokumenty\node-v14.17.4-win-x64;C:\php;C:\WhoIs;C:\msys64\mingw64\;C:\Users\nendo\.dotnet\tools;C:\Program Files\Java\jdk-17.0.1\bin;C:\Users\nendo\scrcpy-win64-v1.20;C:\Users\nendo\Tools\libwebp-1.2.2-windows-x64\bin;C:\Users\nendo\Tools\chromedriver;C:\Users\nendo\Tools\geckodriver-v0.30.0-win64;C:\Program Files\Tesseract-OCR;C:\Program Files\JetBrains\IntelliJ IDEA Educational Edition 2022.2\bin;C:\Program Files\JetBrains\WebStorm 2022.2.2\bin;C:\Program Files\JetBrains\PyCharm 2022.2.2\bin;C:\Users\nendo\Tools\mysql-5.7.40-winx64;C:\Program Files\JetBrains\DataGrip 2022.2.5\bin;C:\Program Files\apache-maven-3.9.0\bin;C:\Program Files\MongoDB\Server\6.0\bin;C:\Program Files\RabbitMQ Server\rabbitmq_server-3.12.8\sbin;C:\Program Files\MongoDB\mongodb-database-tools-windows-x86_64-100.9.4\bin;C:\Perl\perl\bin;C:\Users\nendo\AppData\Local\spicetify;C:\Program Files\R\R-4.4.1\bin;C:\Users\nendo\AppData\Roaming\npm;."/>
    <property name="java.vm.info" value="mixed mode, sharing"/>
    <property name="stderr.encoding" value="Cp1250"/>
    <property name="java.vendor" value="Oracle Corporation"/>
    <property name="java.vm.version" value="22+36-2370"/>
    <property name="sun.io.unicode.encoding" value="UnicodeLittle"/>
    <property name="java.class.version" value="66.0"/>
  </properties>
  <testcase name="testForInvalidInputs" classname="sk.umb.fpv.fja.zadanie_1.ApplicationTests" time="0.022">
    <system-out><![CDATA[

	N <=> N
a	N <=> N
caab	N <=> N
aab	N <=> N
ababac	N <=> N
abc	N <=> N
]]></system-out>
  </testcase>
  <testcase name="testForValidInputs" classname="sk.umb.fpv.fja.zadanie_1.ApplicationTests" time="0.013">
    <system-out><![CDATA[

b	A <=> A
ab	A <=> A
aba	A <=> A
abab	A <=> A
abba	A <=> A
abaa	A <=> A


]]></system-out>
  </testcase>
</testsuite>